<?xml version="1.0" encoding="UTF-8"?>
<!-- Generated by org.testng.reporters.JUnitXMLReporter -->
<testsuite hostname="XIPLRAC037" ignored="0" name="Test" tests="4" failures="0" timestamp="05 Jun 2019 11:56:34 GMT" time="0.312" errors="0">
  <testcase name="@BeforeSuite setUpReport" time="0.037" classname="com.edgeconnect.test.mobiletest.BaseTest">
    <failure type="java.lang.NoClassDefFoundError" message="com/aventstack/extentreports/reporter/ExtentLoggerReporter">
      <![CDATA[java.lang.NoClassDefFoundError: com/aventstack/extentreports/reporter/ExtentLoggerReporter
at com.reporter.reportengine.extentreports.ExtentReporter.initializeReportEngine(ExtentReporter.java:72)
at com.reporter.reportengine.ReportEngine.initializeReporter(ReportEngine.java:31)
at com.edgeconnect.test.mobiletest.BaseTest.setUpReport(BaseTest.java:41)
Caused by: java.lang.ClassNotFoundException: com.aventstack.extentreports.reporter.ExtentLoggerReporter
at java.net.URLClassLoader.findClass(URLClassLoader.java:381)
at java.lang.ClassLoader.loadClass(ClassLoader.java:424)
at sun.misc.Launcher$AppClassLoader.loadClass(Launcher.java:335)
at java.lang.ClassLoader.loadClass(ClassLoader.java:357)
... 23 more
... Removed 20 stack frames]]>
    </failure>
  </testcase> <!-- @BeforeSuite setUpReport -->
  <testcase name="@BeforeMethod beforeMethod" time="0.0" classname="com.edgeconnect.test.mobiletest.BaseTest">
    <skipped/>
  </testcase> <!-- @BeforeMethod beforeMethod -->
  <testcase name="@AfterMethod tearDown" time="0.0" classname="com.edgeconnect.test.mobiletest.BaseTest">
    <skipped/>
  </testcase> <!-- @AfterMethod tearDown -->
  <testcase name="@BeforeMethod beforeMethod" time="0.0" classname="com.edgeconnect.test.mobiletest.BaseTest">
    <skipped/>
  </testcase> <!-- @BeforeMethod beforeMethod -->
  <testcase name="@AfterMethod tearDown" time="0.0" classname="com.edgeconnect.test.mobiletest.BaseTest">
    <skipped/>
  </testcase> <!-- @AfterMethod tearDown -->
  <testcase name="@BeforeMethod beforeMethod" time="0.0" classname="com.edgeconnect.test.mobiletest.BaseTest">
    <skipped/>
  </testcase> <!-- @BeforeMethod beforeMethod -->
  <testcase name="@AfterMethod tearDown" time="0.0" classname="com.edgeconnect.test.mobiletest.BaseTest">
    <skipped/>
  </testcase> <!-- @AfterMethod tearDown -->
  <testcase name="@BeforeMethod beforeMethod" time="0.0" classname="com.edgeconnect.test.mobiletest.BaseTest">
    <skipped/>
  </testcase> <!-- @BeforeMethod beforeMethod -->
  <testcase name="@AfterMethod tearDown" time="0.0" classname="com.edgeconnect.test.mobiletest.BaseTest">
    <skipped/>
  </testcase> <!-- @AfterMethod tearDown -->
  <testcase name="verifyBlankPwdLogin" time="0.0" classname="com.edgeconnect.test.mobiletest.LoginTest">
    <skipped/>
  </testcase> <!-- verifyBlankPwdLogin -->
  <testcase name="verifyBlankUserNameLogin" time="0.0" classname="com.edgeconnect.test.mobiletest.LoginTest">
    <skipped/>
  </testcase> <!-- verifyBlankUserNameLogin -->
  <testcase name="verifyInvaldUserNameLogin" time="0.0" classname="com.edgeconnect.test.mobiletest.LoginTest">
    <skipped/>
  </testcase> <!-- verifyInvaldUserNameLogin -->
  <testcase name="verifyLogin" time="0.0" classname="com.edgeconnect.test.mobiletest.LoginTest">
    <skipped/>
  </testcase> <!-- verifyLogin -->
</testsuite> <!-- Test -->
