<?xml version="1.0" encoding="UTF-8"?>
<testsuite xmlns:xsi="http://www.w3.org/2001/XMLSchema-instance" xsi:noNamespaceSchemaLocation="https://maven.apache.org/surefire/maven-surefire-plugin/xsd/surefire-test-report.xsd" name="TestSuite" time="148.31" tests="12" errors="0" skipped="11" failures="1">
  <properties>
[...]
</properties>
  <testcase name="beforeMethod" classname="com.edgeconnect.test.mobiletest.LoginTest" time="147.944">
    <failure message="It is impossible to create a new session because &apos;createSession&apos; which takes HttpClient, InputStream and long was not found or it is not accessible&#10;Build info: version: &apos;3.14.0&apos;, revision: &apos;aacccce0&apos;, time: &apos;2018-08-02T20:19:58.91Z&apos;&#10;System info: host: &apos;XIPLRAC037&apos;, ip: &apos;172.26.62.28&apos;, os.name: &apos;Windows 10&apos;, os.arch: &apos;amd64&apos;, os.version: &apos;10.0&apos;, java.version: &apos;1.8.0_131&apos;&#10;Driver info: driver.version: AndroidDriver" type="org.openqa.selenium.WebDriverException">org.openqa.selenium.WebDriverException: 
It is impossible to create a new session because 'createSession' which takes HttpClient, InputStream and long was not found or it is not accessible
Build info: version: '3.14.0', revision: 'aacccce0', time: '2018-08-02T20:19:58.91Z'
System info: host: 'XIPLRAC037', ip: '172.26.62.28', os.name: 'Windows 10', os.arch: 'amd64', os.version: '10.0', java.version: '1.8.0_131'
Driver info: driver.version: AndroidDriver
Caused by: java.lang.reflect.InvocationTargetException
Caused by: org.openqa.selenium.WebDriverException: 
An unknown server-side error occurred while processing the command. Original error: Failed to start Chromedriver session: timeout: Adb command timed out after 30 seconds
  (Driver info: chromedriver=2.45.615291 (ec3682e3c9061c10f26ea9e5cdcf3c53f3f74387),platform=Windows NT 10.0.17763 x86_64)
Build info: version: '3.14.0', revision: 'aacccce0', time: '2018-08-02T20:19:58.91Z'
System info: host: 'XIPLRAC037', ip: '172.26.62.28', os.name: 'Windows 10', os.arch: 'amd64', os.version: '10.0', java.version: '1.8.0_131'
Driver info: driver.version: AndroidDriver
remote stacktrace: UnknownError: An unknown server-side error occurred while processing the command. Original error: Failed to start Chromedriver session: timeout: Adb command timed out after 30 seconds
  (Driver info: chromedriver=2.45.615291 (ec3682e3c9061c10f26ea9e5cdcf3c53f3f74387),platform=Windows NT 10.0.17763 x86_64)
    at getResponseForW3CError (C:\Users\pratikd\AppData\Roaming\npm\node_modules\appium\node_modules\appium-base-driver\lib\protocol\errors.js:826:9)
    at asyncHandler (C:\Users\pratikd\AppData\Roaming\npm\node_modules\appium\node_modules\appium-base-driver\lib\protocol\protocol.js:447:37)
</failure>
    <system-out><![CDATA[Screenshots directory is not present
Appium Server already running on Port - 4723
]]></system-out>
  </testcase>
  <testcase name="beforeMethod" classname="com.edgeconnect.test.mobiletest.LoginTest" time="0">
    <skipped/>
  </testcase>
  <testcase name="beforeMethod" classname="com.edgeconnect.test.mobiletest.LoginTest" time="0">
    <skipped/>
  </testcase>
  <testcase name="beforeMethod" classname="com.edgeconnect.test.mobiletest.LoginTest" time="0">
    <skipped/>
  </testcase>
  <testcase name="verifyBlankPwdLogin" classname="com.edgeconnect.test.mobiletest.LoginTest" time="0">
    <skipped message="It is impossible to create a new session because &apos;createSession&apos; which takes HttpClient, InputStream and long was not found or it is not accessible&#10;Build info: version: &apos;3.14.0&apos;, revision: &apos;aacccce0&apos;, time: &apos;2018-08-02T20:19:58.91Z&apos;&#10;System info: host: &apos;XIPLRAC037&apos;, ip: &apos;172.26.62.28&apos;, os.name: &apos;Windows 10&apos;, os.arch: &apos;amd64&apos;, os.version: &apos;10.0&apos;, java.version: &apos;1.8.0_131&apos;&#10;Driver info: driver.version: AndroidDriver"/>
  </testcase>
  <testcase name="tearDown" classname="com.edgeconnect.test.mobiletest.LoginTest" time="0">
    <skipped/>
  </testcase>
  <testcase name="tearDown" classname="com.edgeconnect.test.mobiletest.LoginTest" time="0">
    <skipped/>
  </testcase>
  <testcase name="tearDown" classname="com.edgeconnect.test.mobiletest.LoginTest" time="0">
    <skipped/>
  </testcase>
  <testcase name="tearDown" classname="com.edgeconnect.test.mobiletest.LoginTest" time="0">
    <skipped/>
  </testcase>
  <testcase name="verifyBlankUserNameLogin" classname="com.edgeconnect.test.mobiletest.LoginTest" time="0">
    <skipped message="It is impossible to create a new session because &apos;createSession&apos; which takes HttpClient, InputStream and long was not found or it is not accessible&#10;Build info: version: &apos;3.14.0&apos;, revision: &apos;aacccce0&apos;, time: &apos;2018-08-02T20:19:58.91Z&apos;&#10;System info: host: &apos;XIPLRAC037&apos;, ip: &apos;172.26.62.28&apos;, os.name: &apos;Windows 10&apos;, os.arch: &apos;amd64&apos;, os.version: &apos;10.0&apos;, java.version: &apos;1.8.0_131&apos;&#10;Driver info: driver.version: AndroidDriver"/>
  </testcase>
  <testcase name="verifyInvaldUserNameLogin" classname="com.edgeconnect.test.mobiletest.LoginTest" time="0">
    <skipped message="It is impossible to create a new session because &apos;createSession&apos; which takes HttpClient, InputStream and long was not found or it is not accessible&#10;Build info: version: &apos;3.14.0&apos;, revision: &apos;aacccce0&apos;, time: &apos;2018-08-02T20:19:58.91Z&apos;&#10;System info: host: &apos;XIPLRAC037&apos;, ip: &apos;172.26.62.28&apos;, os.name: &apos;Windows 10&apos;, os.arch: &apos;amd64&apos;, os.version: &apos;10.0&apos;, java.version: &apos;1.8.0_131&apos;&#10;Driver info: driver.version: AndroidDriver"/>
  </testcase>
  <testcase name="verifyLogin" classname="com.edgeconnect.test.mobiletest.LoginTest" time="0">
    <skipped message="It is impossible to create a new session because &apos;createSession&apos; which takes HttpClient, InputStream and long was not found or it is not accessible&#10;Build info: version: &apos;3.14.0&apos;, revision: &apos;aacccce0&apos;, time: &apos;2018-08-02T20:19:58.91Z&apos;&#10;System info: host: &apos;XIPLRAC037&apos;, ip: &apos;172.26.62.28&apos;, os.name: &apos;Windows 10&apos;, os.arch: &apos;amd64&apos;, os.version: &apos;10.0&apos;, java.version: &apos;1.8.0_131&apos;&#10;Driver info: driver.version: AndroidDriver"/>
  </testcase>
</testsuite>